0 info it worked if it ends with ok
1 verbose cli [ 'C:\\Program Files\\nodejs\\node.exe',
1 verbose cli   'C:\\Users\\Nghia\\AppData\\Roaming\\npm\\node_modules\\npm\\bin\\npm-cli.js',
1 verbose cli   'start' ]
2 info using npm@3.10.8
3 info using node@v4.6.0
4 verbose run-script [ 'prestart', 'start', 'poststart' ]
5 info lifecycle youtube_downloader@0.0.0~prestart: youtube_downloader@0.0.0
6 silly lifecycle youtube_downloader@0.0.0~prestart: no script for prestart, continuing
7 info lifecycle youtube_downloader@0.0.0~start: youtube_downloader@0.0.0
8 verbose lifecycle youtube_downloader@0.0.0~start: unsafe-perm in lifecycle true
9 verbose lifecycle youtube_downloader@0.0.0~start: PATH: C:\Users\Nghia\AppData\Roaming\npm\node_modules\npm\bin\node-gyp-bin;C:\Users\Nghia\Desktop\Youtube_downloader\node_modules\.bin;C:\Windows\system32;C:\Windows;C:\Windows\System32\Wbem;C:\Windows\System32\WindowsPowerShell\v1.0\;C:\Program Files (x86)\Skype\Phone\;C:\Program Files\nodejs\;;C:\Program Files (x86)\Microsoft VS Code\bin;C:\Users\Nghia\AppData\Roaming\npm
10 verbose lifecycle youtube_downloader@0.0.0~start: CWD: C:\Users\Nghia\Desktop\Youtube_downloader
11 silly lifecycle youtube_downloader@0.0.0~start: Args: [ '/d /s /c', 'node ./bin/www' ]
12 silly lifecycle youtube_downloader@0.0.0~start: Returned: code: 3221225786  signal: null
13 info lifecycle youtube_downloader@0.0.0~start: Failed to exec start script
14 verbose stack Error: youtube_downloader@0.0.0 start: `node ./bin/www`
14 verbose stack Exit status 3221225786
14 verbose stack     at EventEmitter.<anonymous> (C:\Users\Nghia\AppData\Roaming\npm\node_modules\npm\lib\utils\lifecycle.js:255:16)
14 verbose stack     at emitTwo (events.js:87:13)
14 verbose stack     at EventEmitter.emit (events.js:172:7)
14 verbose stack     at ChildProcess.<anonymous> (C:\Users\Nghia\AppData\Roaming\npm\node_modules\npm\lib\utils\spawn.js:40:14)
14 verbose stack     at emitTwo (events.js:87:13)
14 verbose stack     at ChildProcess.emit (events.js:172:7)
14 verbose stack     at maybeClose (internal/child_process.js:829:16)
14 verbose stack     at Process.ChildProcess._handle.onexit (internal/child_process.js:211:5)
15 verbose pkgid youtube_downloader@0.0.0
16 verbose cwd C:\Users\Nghia\Desktop\Youtube_downloader
17 error Windows_NT 6.3.9600
18 error argv "C:\\Program Files\\nodejs\\node.exe" "C:\\Users\\Nghia\\AppData\\Roaming\\npm\\node_modules\\npm\\bin\\npm-cli.js" "start"
19 error node v4.6.0
20 error npm  v3.10.8
21 error code ELIFECYCLE
22 error youtube_downloader@0.0.0 start: `node ./bin/www`
22 error Exit status 3221225786
23 error Failed at the youtube_downloader@0.0.0 start script 'node ./bin/www'.
23 error Make sure you have the latest version of node.js and npm installed.
23 error If you do, this is most likely a problem with the youtube_downloader package,
23 error not with npm itself.
23 error Tell the author that this fails on your system:
23 error     node ./bin/www
23 error You can get information on how to open an issue for this project with:
23 error     npm bugs youtube_downloader
23 error Or if that isn't available, you can get their info via:
23 error     npm owner ls youtube_downloader
23 error There is likely additional logging output above.
24 verbose exit [ 1, true ]
